<?xml version="1.0" encoding="UTF-8"?>
<!-- Generated by org.testng.reporters.JUnitReportReporter -->
<testsuite hostname="LAPTOP-3LM0TE9V" name="com.qa.AusPost.MyRunner.TestRunner" tests="1" failures="0" timestamp="11 Jul 2019 11:09:12 GMT" time="54.768" errors="0">
  <testcase name="feature" time="54.768" classname="com.qa.AusPost.MyRunner.TestRunner"/>
</testsuite> <!-- com.qa.AusPost.MyRunner.TestRunner -->
